<?xml version="1.0" encoding="UTF-8"?>
<!-- Generated by org.testng.reporters.JUnitReportReporter -->
<testsuite hostname="LAPTOP-L69IT38J" failures="0" tests="1" name="test.java.Heroku.AddProduct" time="0.014" errors="1" timestamp="2026-04-14T00:38:04 PST" skipped="0">
  <testcase classname="test.java.Heroku.AddProduct" name="testAddElement" time="0.014">
    <error type="java.lang.StackOverflowError">
      <![CDATA[java.lang.StackOverflowError
at test.java.Heroku.AddProduct.testAddElement(AddProduct.java:12)
at test.java.Heroku.AddProduct.testAddElement(AddProduct.java:12)
at test.java.Heroku.AddProduct.testAddElement(AddProduct.java:12)
at test.java.Heroku.AddProduct.testAddElement(AddProduct.java:12)
at test.java.Heroku.AddProduct.testAddElement(AddProduct.java:12)
at test.java.Heroku.AddProduct.testAddElement(AddProduct.java:12)
at test.java.Heroku.AddProduct.testAddElement(AddProduct.java:12)
at test.java.Heroku.AddProduct.testAddElement(AddProduct.java:12)
at test.java.Heroku.AddProduct.testAddElement(AddProduct.java:12)
at test.java.Heroku.AddProduct.testAddElement(AddProduct.java:12)
at test.java.Heroku.AddProduct.testAddElement(AddProduct.java:12)
at test.java.Heroku.AddProduct.testAddElement(AddProduct.java:12)
at test.java.Heroku.AddProduct.testAddElement(AddProduct.java:12)
at test.java.Heroku.AddProduct.testAddElement(AddProduct.java:12)
at test.java.Heroku.AddProduct.testAddElement(AddProduct.java:12)
at test.java.Heroku.AddProduct.testAddElement(AddProduct.java:12)
at test.java.Heroku.AddProduct.testAddElement(AddProduct.java:12)
at test.java.Heroku.AddProduct.testAddElement(AddProduct.java:12)
at test.java.Heroku.AddProduct.testAddElement(AddProduct.java:12)
at test.java.Heroku.AddProduct.testAddElement(AddProduct.java:12)
at test.java.Heroku.AddProduct.testAddElement(AddProduct.java:12)
at test.java.Heroku.AddProduct.testAddElement(AddProduct.java:12)
at test.java.Heroku.AddProduct.testAddElement(AddProduct.java:12)
at test.java.Heroku.AddProduct.testAddElement(AddProduct.java:12)
at test.java.Heroku.AddProduct.testAddElement(AddProduct.java:12)
at test.java.Heroku.AddProduct.testAddElement(AddProduct.java:12)
at test.java.Heroku.AddProduct.testAddElement(AddProduct.java:12)
at test.java.Heroku.AddProduct.testAddElement(AddProduct.java:12)
at test.java.Heroku.AddProduct.testAddElement(AddProduct.java:12)
at test.java.Heroku.AddProduct.testAddElement(AddProduct.java:12)
at test.java.Heroku.AddProduct.testAddElement(AddProduct.java:12)
at test.java.Heroku.AddProduct.testAddElement(AddProduct.java:12)
at test.java.Heroku.AddProduct.testAddElement(AddProduct.java:12)
at test.java.Heroku.AddProduct.testAddElement(AddProduct.java:12)
at test.java.Heroku.AddProduct.testAddElement(AddProduct.java:12)
at test.java.Heroku.AddProduct.testAddElement(AddProduct.java:12)
at test.java.Heroku.AddProduct.testAddElement(AddProduct.java:12)
at test.java.Heroku.AddProduct.testAddElement(AddProduct.java:12)
at test.java.Heroku.AddProduct.testAddElement(AddProduct.java:12)
at test.java.Heroku.AddProduct.testAddElement(AddProduct.java:12)
at test.java.Heroku.AddProduct.testAddElement(AddProduct.java:12)
at test.java.Heroku.AddProduct.testAddElement(AddProduct.java:12)
at test.java.Heroku.AddProduct.testAddElement(AddProduct.java:12)
at test.java.Heroku.AddProduct.testAddElement(AddProduct.java:12)
at test.java.Heroku.AddProduct.testAddElement(AddProduct.java:12)
at test.java.Heroku.AddProduct.testAddElement(AddProduct.java:12)
at test.java.Heroku.AddProduct.testAddElement(AddProduct.java:12)
at test.java.Heroku.AddProduct.testAddElement(AddProduct.java:12)
at test.java.Heroku.AddProduct.testAddElement(AddProduct.java:12)
at test.java.Heroku.AddProduct.testAddElement(AddProduct.java:12)
at test.java.Heroku.AddProduct.testAddElement(AddProduct.java:12)
at test.java.Heroku.AddProduct.testAddElement(AddProduct.java:12)
at test.java.Heroku.AddProduct.testAddElement(AddProduct.java:12)
at test.java.Heroku.AddProduct.testAddElement(AddProduct.java:12)
at test.java.Heroku.AddProduct.testAddElement(AddProduct.java:12)
at test.java.Heroku.AddProduct.testAddElement(AddProduct.java:12)
at test.java.Heroku.AddProduct.testAddElement(AddProduct.java:12)
at test.java.Heroku.AddProduct.testAddElement(AddProduct.java:12)
at test.java.Heroku.AddProduct.testAddElement(AddProduct.java:12)
at test.java.Heroku.AddProduct.testAddElement(AddProduct.java:12)
at test.java.Heroku.AddProduct.testAddElement(AddProduct.java:12)
at test.java.Heroku.AddProduct.testAddElement(AddProduct.java:12)
at test.java.Heroku.AddProduct.testAddElement(AddProduct.java:12)
at test.java.Heroku.AddProduct.testAddElement(AddProduct.java:12)
at test.java.Heroku.AddProduct.testAddElement(AddProduct.java:12)
at test.java.Heroku.AddProduct.testAddElement(AddProduct.java:12)
at test.java.Heroku.AddProduct.testAddElement(AddProduct.java:12)
at test.java.Heroku.AddProduct.testAddElement(AddProduct.java:12)
at test.java.Heroku.AddProduct.testAddElement(AddProduct.java:12)
at test.java.Heroku.AddProduct.testAddElement(AddProduct.java:12)
at test.java.Heroku.AddProduct.testAddElement(AddProduct.java:12)
at test.java.Heroku.AddProduct.testAddElement(AddProduct.java:12)
at test.java.Heroku.AddProduct.testAddElement(AddProduct.java:12)
at test.java.Heroku.AddProduct.testAddElement(AddProduct.java:12)
at test.java.Heroku.AddProduct.testAddElement(AddProduct.java:12)
at test.java.Heroku.AddProduct.testAddElement(AddProduct.java:12)
at test.java.Heroku.AddProduct.testAddElement(AddProduct.java:12)
at test.java.Heroku.AddProduct.testAddElement(AddProduct.java:12)
at test.java.Heroku.AddProduct.testAddElement(AddProduct.java:12)
at test.java.Heroku.AddProduct.testAddElement(AddProduct.java:12)
at test.java.Heroku.AddProduct.testAddElement(AddProduct.java:12)
at test.java.Heroku.AddProduct.testAddElement(AddProduct.java:12)
at test.java.Heroku.AddProduct.testAddElement(AddProduct.java:12)
at test.java.Heroku.AddProduct.testAddElement(AddProduct.java:12)
at test.java.Heroku.AddProduct.testAddElement(AddProduct.java:12)
at test.java.Heroku.AddProduct.testAddElement(AddProduct.java:12)
at test.java.Heroku.AddProduct.testAddElement(AddProduct.java:12)
at test.java.Heroku.AddProduct.testAddElement(AddProduct.java:12)
at test.java.Heroku.AddProduct.testAddElement(AddProduct.java:12)
at test.java.Heroku.AddProduct.testAddElement(AddProduct.java:12)
at test.java.Heroku.AddProduct.testAddElement(AddProduct.java:12)
at test.java.Heroku.AddProduct.testAddElement(AddProduct.java:12)
at test.java.Heroku.AddProduct.testAddElement(AddProduct.java:12)
at test.java.Heroku.AddProduct.testAddElement(AddProduct.java:12)
at test.java.Heroku.AddProduct.testAddElement(AddProduct.java:12)
at test.java.Heroku.AddProduct.testAddElement(AddProduct.java:12)
at test.java.Heroku.AddProduct.testAddElement(AddProduct.java:12)
at test.java.Heroku.AddProduct.testAddElement(AddProduct.java:12)
at test.java.Heroku.AddProduct.testAddElement(AddProduct.java:12)
at test.java.Heroku.AddProduct.testAddElement(AddProduct.java:12)
at test.java.Heroku.AddProduct.testAddElement(AddProduct.java:12)
at test.java.Heroku.AddProduct.testAddElement(AddProduct.java:12)
at test.java.Heroku.AddProduct.testAddElement(AddProduct.java:12)
at test.java.Heroku.AddProduct.testAddElement(AddProduct.java:12)
at test.java.Heroku.AddProduct.testAddElement(AddProduct.java:12)
at test.java.Heroku.AddProduct.testAddElement(AddProduct.java:12)
at test.java.Heroku.AddProduct.testAddElement(AddProduct.java:12)
at test.java.Heroku.AddProduct.testAddElement(AddProduct.java:12)
at test.java.Heroku.AddProduct.testAddElement(AddProduct.java:12)
at test.java.Heroku.AddProduct.testAddElement(AddProduct.java:12)
at test.java.Heroku.AddProduct.testAddElement(AddProduct.java:12)
at test.java.Heroku.AddProduct.testAddElement(AddProduct.java:12)
at test.java.Heroku.AddProduct.testAddElement(AddProduct.java:12)
at test.java.Heroku.AddProduct.testAddElement(AddProduct.java:12)
at test.java.Heroku.AddProduct.testAddElement(AddProduct.java:12)
at test.java.Heroku.AddProduct.testAddElement(AddProduct.java:12)
at test.java.Heroku.AddProduct.testAddElement(AddProduct.java:12)
at test.java.Heroku.AddProduct.testAddElement(AddProduct.java:12)
at test.java.Heroku.AddProduct.testAddElement(AddProduct.java:12)
at test.java.Heroku.AddProduct.testAddElement(AddProduct.java:12)
at test.java.Heroku.AddProduct.testAddElement(AddProduct.java:12)
at test.java.Heroku.AddProduct.testAddElement(AddProduct.java:12)
at test.java.Heroku.AddProduct.testAddElement(AddProduct.java:12)
at test.java.Heroku.AddProduct.testAddElement(AddProduct.java:12)
at test.java.Heroku.AddProduct.testAddElement(AddProduct.java:12)
at test.java.Heroku.AddProduct.testAddElement(AddProduct.java:12)
at test.java.Heroku.AddProduct.testAddElement(AddProduct.java:12)
at test.java.Heroku.AddProduct.testAddElement(AddProduct.java:12)
at test.java.Heroku.AddProduct.testAddElement(AddProduct.java:12)
at test.java.Heroku.AddProduct.testAddElement(AddProduct.java:12)
at test.java.Heroku.AddProduct.testAddElement(AddProduct.java:12)
at test.java.Heroku.AddProduct.testAddElement(AddProduct.java:12)
at test.java.Heroku.AddProduct.testAddElement(AddProduct.java:12)
at test.java.Heroku.AddProduct.testAddElement(AddProduct.java:12)
at test.java.Heroku.AddProduct.testAddElement(AddProduct.java:12)
at test.java.Heroku.AddProduct.testAddElement(AddProduct.java:12)
at test.java.Heroku.AddProduct.testAddElement(AddProduct.java:12)
at test.java.Heroku.AddProduct.testAddElement(AddProduct.java:12)
at test.java.Heroku.AddProduct.testAddElement(AddProduct.java:12)
at test.java.Heroku.AddProduct.testAddElement(AddProduct.java:12)
at test.java.Heroku.AddProduct.testAddElement(AddProduct.java:12)
at test.java.Heroku.AddProduct.testAddElement(AddProduct.java:12)
at test.java.Heroku.AddProduct.testAddElement(AddProduct.java:12)
at test.java.Heroku.AddProduct.testAddElement(AddProduct.java:12)
at test.java.Heroku.AddProduct.testAddElement(AddProduct.java:12)
at test.java.Heroku.AddProduct.testAddElement(AddProduct.java:12)
at test.java.Heroku.AddProduct.testAddElement(AddProduct.java:12)
at test.java.Heroku.AddProduct.testAddElement(AddProduct.java:12)
at test.java.Heroku.AddProduct.testAddElement(AddProduct.java:12)
at test.java.Heroku.AddProduct.testAddElement(AddProduct.java:12)
at test.java.Heroku.AddProduct.testAddElement(AddProduct.java:12)
at test.java.Heroku.AddProduct.testAddElement(AddProduct.java:12)
at test.java.Heroku.AddProduct.testAddElement(AddProduct.java:12)
at test.java.Heroku.AddProduct.testAddElement(AddProduct.java:12)
at test.java.Heroku.AddProduct.testAddElement(AddProduct.java:12)
at test.java.Heroku.AddProduct.testAddElement(AddProduct.java:12)
at test.java.Heroku.AddProduct.testAddElement(AddProduct.java:12)
at test.java.Heroku.AddProduct.testAddElement(AddProduct.java:12)
at test.java.Heroku.AddProduct.testAddElement(AddProduct.java:12)
at test.java.Heroku.AddProduct.testAddElement(AddProduct.java:12)
at test.java.Heroku.AddProduct.testAddElement(AddProduct.java:12)
at test.java.Heroku.AddProduct.testAddElement(AddProduct.java:12)
at test.java.Heroku.AddProduct.testAddElement(AddProduct.java:12)
at test.java.Heroku.AddProduct.testAddElement(AddProduct.java:12)
at test.java.Heroku.AddProduct.testAddElement(AddProduct.java:12)
at test.java.Heroku.AddProduct.testAddElement(AddProduct.java:12)
at test.java.Heroku.AddProduct.testAddElement(AddProduct.java:12)
at test.java.Heroku.AddProduct.testAddElement(AddProduct.java:12)
at test.java.Heroku.AddProduct.testAddElement(AddProduct.java:12)
at test.java.Heroku.AddProduct.testAddElement(AddProduct.java:12)
at test.java.Heroku.AddProduct.testAddElement(AddProduct.java:12)
at test.java.Heroku.AddProduct.testAddElement(AddProduct.java:12)
at test.java.Heroku.AddProduct.testAddElement(AddProduct.java:12)
at test.java.Heroku.AddProduct.testAddElement(AddProduct.java:12)
at test.java.Heroku.AddProduct.testAddElement(AddProduct.java:12)
at test.java.Heroku.AddProduct.testAddElement(AddProduct.java:12)
at test.java.Heroku.AddProduct.testAddElement(AddProduct.java:12)
at test.java.Heroku.AddProduct.testAddElement(AddProduct.java:12)
at test.java.Heroku.AddProduct.testAddElement(AddProduct.java:12)
at test.java.Heroku.AddProduct.testAddElement(AddProduct.java:12)
at test.java.Heroku.AddProduct.testAddElement(AddProduct.java:12)
at test.java.Heroku.AddProduct.testAddElement(AddProduct.java:12)
at test.java.Heroku.AddProduct.testAddElement(AddProduct.java:12)
at test.java.Heroku.AddProduct.testAddElement(AddProduct.java:12)
at test.java.Heroku.AddProduct.testAddElement(AddProduct.java:12)
at test.java.Heroku.AddProduct.testAddElement(AddProduct.java:12)
at test.java.Heroku.AddProduct.testAddElement(AddProduct.java:12)
at test.java.Heroku.AddProduct.testAddElement(AddProduct.java:12)
at test.java.Heroku.AddProduct.testAddElement(AddProduct.java:12)
at test.java.Heroku.AddProduct.testAddElement(AddProduct.java:12)
at test.java.Heroku.AddProduct.testAddElement(AddProduct.java:12)
at test.java.Heroku.AddProduct.testAddElement(AddProduct.java:12)
at test.java.Heroku.AddProduct.testAddElement(AddProduct.java:12)
at test.java.Heroku.AddProduct.testAddElement(AddProduct.java:12)
at test.java.Heroku.AddProduct.testAddElement(AddProduct.java:12)
at test.java.Heroku.AddProduct.testAddElement(AddProduct.java:12)
at test.java.Heroku.AddProduct.testAddElement(AddProduct.java:12)
at test.java.Heroku.AddProduct.testAddElement(AddProduct.java:12)
at test.java.Heroku.AddProduct.testAddElement(AddProduct.java:12)
at test.java.Heroku.AddProduct.testAddElement(AddProduct.java:12)
at test.java.Heroku.AddProduct.testAddElement(AddProduct.java:12)
at test.java.Heroku.AddProduct.testAddElement(AddProduct.java:12)
at test.java.Heroku.AddProduct.testAddElement(AddProduct.java:12)
at test.java.Heroku.AddProduct.testAddElement(AddProduct.java:12)
at test.java.Heroku.AddProduct.testAddElement(AddProduct.java:12)
at test.java.Heroku.AddProduct.testAddElement(AddProduct.java:12)
at test.java.Heroku.AddProduct.testAddElement(AddProduct.java:12)
at test.java.Heroku.AddProduct.testAddElement(AddProduct.java:12)
at test.java.Heroku.AddProduct.testAddElement(AddProduct.java:12)
at test.java.Heroku.AddProduct.testAddElement(AddProduct.java:12)
at test.java.Heroku.AddProduct.testAddElement(AddProduct.java:12)
at test.java.Heroku.AddProduct.testAddElement(AddProduct.java:12)
at test.java.Heroku.AddProduct.testAddElement(AddProduct.java:12)
at test.java.Heroku.AddProduct.testAddElement(AddProduct.java:12)
at test.java.Heroku.AddProduct.testAddElement(AddProduct.java:12)
at test.java.Heroku.AddProduct.testAddElement(AddProduct.java:12)
at test.java.Heroku.AddProduct.testAddElement(AddProduct.java:12)
at test.java.Heroku.AddProduct.testAddElement(AddProduct.java:12)
at test.java.Heroku.AddProduct.testAddElement(AddProduct.java:12)
at test.java.Heroku.AddProduct.testAddElement(AddProduct.java:12)
at test.java.Heroku.AddProduct.testAddElement(AddProduct.java:12)
at test.java.Heroku.AddProduct.testAddElement(AddProduct.java:12)
at test.java.Heroku.AddProduct.testAddElement(AddProduct.java:12)
at test.java.Heroku.AddProduct.testAddElement(AddProduct.java:12)
at test.java.Heroku.AddProduct.testAddElement(AddProduct.java:12)
at test.java.Heroku.AddProduct.testAddElement(AddProduct.java:12)
at test.java.Heroku.AddProduct.testAddElement(AddProduct.java:12)
at test.java.Heroku.AddProduct.testAddElement(AddProduct.java:12)
at test.java.Heroku.AddProduct.testAddElement(AddProduct.java:12)
at test.java.Heroku.AddProduct.testAddElement(AddProduct.java:12)
at test.java.Heroku.AddProduct.testAddElement(AddProduct.java:12)
at test.java.Heroku.AddProduct.testAddElement(AddProduct.java:12)
at test.java.Heroku.AddProduct.testAddElement(AddProduct.java:12)
at test.java.Heroku.AddProduct.testAddElement(AddProduct.java:12)
at test.java.Heroku.AddProduct.testAddElement(AddProduct.java:12)
at test.java.Heroku.AddProduct.testAddElement(AddProduct.java:12)
at test.java.Heroku.AddProduct.testAddElement(AddProduct.java:12)
at test.java.Heroku.AddProduct.testAddElement(AddProduct.java:12)
at test.java.Heroku.AddProduct.testAddElement(AddProduct.java:12)
at test.java.Heroku.AddProduct.testAddElement(AddProduct.java:12)
at test.java.Heroku.AddProduct.testAddElement(AddProduct.java:12)
at test.java.Heroku.AddProduct.testAddElement(AddProduct.java:12)
at test.java.Heroku.AddProduct.testAddElement(AddProduct.java:12)
at test.java.Heroku.AddProduct.testAddElement(AddProduct.java:12)
at test.java.Heroku.AddProduct.testAddElement(AddProduct.java:12)
at test.java.Heroku.AddProduct.testAddElement(AddProduct.java:12)
at test.java.Heroku.AddProduct.testAddElement(AddProduct.java:12)
at test.java.Heroku.AddProduct.testAddElement(AddProduct.java:12)
at test.java.Heroku.AddProduct.testAddElement(AddProduct.java:12)
at test.java.Heroku.AddProduct.testAddElement(AddProduct.java:12)
at test.java.Heroku.AddProduct.testAddElement(AddProduct.java:12)
at test.java.Heroku.AddProduct.testAddElement(AddProduct.java:12)
at test.java.Heroku.AddProduct.testAddElement(AddProduct.java:12)
at test.java.Heroku.AddProduct.testAddElement(AddProduct.java:12)
at test.java.Heroku.AddProduct.testAddElement(AddProduct.java:12)
at test.java.Heroku.AddProduct.testAddElement(AddProduct.java:12)
at test.java.Heroku.AddProduct.testAddElement(AddProduct.java:12)
at test.java.Heroku.AddProduct.testAddElement(AddProduct.java:12)
at test.java.Heroku.AddProduct.testAddElement(AddProduct.java:12)
at test.java.Heroku.AddProduct.testAddElement(AddProduct.java:12)
at test.java.Heroku.AddProduct.testAddElement(AddProduct.java:12)
at test.java.Heroku.AddProduct.testAddElement(AddProduct.java:12)
at test.java.Heroku.AddProduct.testAddElement(AddProduct.java:12)
at test.java.Heroku.AddProduct.testAddElement(AddProduct.java:12)
at test.java.Heroku.AddProduct.testAddElement(AddProduct.java:12)
at test.java.Heroku.AddProduct.testAddElement(AddProduct.java:12)
at test.java.Heroku.AddProduct.testAddElement(AddProduct.java:12)
at test.java.Heroku.AddProduct.testAddElement(AddProduct.java:12)
at test.java.Heroku.AddProduct.testAddElement(AddProduct.java:12)
at test.java.Heroku.AddProduct.testAddElement(AddProduct.java:12)
at test.java.Heroku.AddProduct.testAddElement(AddProduct.java:12)
at test.java.Heroku.AddProduct.testAddElement(AddProduct.java:12)
at test.java.Heroku.AddProduct.testAddElement(AddProduct.java:12)
at test.java.Heroku.AddProduct.testAddElement(AddProduct.java:12)
at test.java.Heroku.AddProduct.testAddElement(AddProduct.java:12)
at test.java.Heroku.AddProduct.testAddElement(AddProduct.java:12)
at test.java.Heroku.AddProduct.testAddElement(AddProduct.java:12)
at test.java.Heroku.AddProduct.testAddElement(AddProduct.java:12)
at test.java.Heroku.AddProduct.testAddElement(AddProduct.java:12)
at test.java.Heroku.AddProduct.testAddElement(AddProduct.java:12)
at test.java.Heroku.AddProduct.testAddElement(AddProduct.java:12)
at test.java.Heroku.AddProduct.testAddElement(AddProduct.java:12)
at test.java.Heroku.AddProduct.testAddElement(AddProduct.java:12)
at test.java.Heroku.AddProduct.testAddElement(AddProduct.java:12)
at test.java.Heroku.AddProduct.testAddElement(AddProduct.java:12)
at test.java.Heroku.AddProduct.testAddElement(AddProduct.java:12)
at test.java.Heroku.AddProduct.testAddElement(AddProduct.java:12)
at test.java.Heroku.AddProduct.testAddElement(AddProduct.java:12)
at test.java.Heroku.AddProduct.testAddElement(AddProduct.java:12)
at test.java.Heroku.AddProduct.testAddElement(AddProduct.java:12)
at test.java.Heroku.AddProduct.testAddElement(AddProduct.java:12)
at test.java.Heroku.AddProduct.testAddElement(AddProduct.java:12)
at test.java.Heroku.AddProduct.testAddElement(AddProduct.java:12)
at test.java.Heroku.AddProduct.testAddElement(AddProduct.java:12)
at test.java.Heroku.AddProduct.testAddElement(AddProduct.java:12)
at test.java.Heroku.AddProduct.testAddElement(AddProduct.java:12)
at test.java.Heroku.AddProduct.testAddElement(AddProduct.java:12)
at test.java.Heroku.AddProduct.testAddElement(AddProduct.java:12)
at test.java.Heroku.AddProduct.testAddElement(AddProduct.java:12)
at test.java.Heroku.AddProduct.testAddElement(AddProduct.java:12)
at test.java.Heroku.AddProduct.testAddElement(AddProduct.java:12)
at test.java.Heroku.AddProduct.testAddElement(AddProduct.java:12)
at test.java.Heroku.AddProduct.testAddElement(AddProduct.java:12)
at test.java.Heroku.AddProduct.testAddElement(AddProduct.java:12)
at test.java.Heroku.AddProduct.testAddElement(AddProduct.java:12)
at test.java.Heroku.AddProduct.testAddElement(AddProduct.java:12)
at test.java.Heroku.AddProduct.testAddElement(AddProduct.java:12)
at test.java.Heroku.AddProduct.testAddElement(AddProduct.java:12)
at test.java.Heroku.AddProduct.testAddElement(AddProduct.java:12)
at test.java.Heroku.AddProduct.testAddElement(AddProduct.java:12)
at test.java.Heroku.AddProduct.testAddElement(AddProduct.java:12)
at test.java.Heroku.AddProduct.testAddElement(AddProduct.java:12)
at test.java.Heroku.AddProduct.testAddElement(AddProduct.java:12)
at test.java.Heroku.AddProduct.testAddElement(AddProduct.java:12)
at test.java.Heroku.AddProduct.testAddElement(AddProduct.java:12)
at test.java.Heroku.AddProduct.testAddElement(AddProduct.java:12)
at test.java.Heroku.AddProduct.testAddElement(AddProduct.java:12)
at test.java.Heroku.AddProduct.testAddElement(AddProduct.java:12)
at test.java.Heroku.AddProduct.testAddElement(AddProduct.java:12)
at test.java.Heroku.AddProduct.testAddElement(AddProduct.java:12)
at test.java.Heroku.AddProduct.testAddElement(AddProduct.java:12)
at test.java.Heroku.AddProduct.testAddElement(AddProduct.java:12)
at test.java.Heroku.AddProduct.testAddElement(AddProduct.java:12)
at test.java.Heroku.AddProduct.testAddElement(AddProduct.java:12)
at test.java.Heroku.AddProduct.testAddElement(AddProduct.java:12)
at test.java.Heroku.AddProduct.testAddElement(AddProduct.java:12)
at test.java.Heroku.AddProduct.testAddElement(AddProduct.java:12)
at test.java.Heroku.AddProduct.testAddElement(AddProduct.java:12)
at test.java.Heroku.AddProduct.testAddElement(AddProduct.java:12)
at test.java.Heroku.AddProduct.testAddElement(AddProduct.java:12)
at test.java.Heroku.AddProduct.testAddElement(AddProduct.java:12)
at test.java.Heroku.AddProduct.testAddElement(AddProduct.java:12)
at test.java.Heroku.AddProduct.testAddElement(AddProduct.java:12)
at test.java.Heroku.AddProduct.testAddElement(AddProduct.java:12)
at test.java.Heroku.AddProduct.testAddElement(AddProduct.java:12)
at test.java.Heroku.AddProduct.testAddElement(AddProduct.java:12)
at test.java.Heroku.AddProduct.testAddElement(AddProduct.java:12)
at test.java.Heroku.AddProduct.testAddElement(AddProduct.java:12)
at test.java.Heroku.AddProduct.testAddElement(AddProduct.java:12)
at test.java.Heroku.AddProduct.testAddElement(AddProduct.java:12)
at test.java.Heroku.AddProduct.testAddElement(AddProduct.java:12)
at test.java.Heroku.AddProduct.testAddElement(AddProduct.java:12)
at test.java.Heroku.AddProduct.testAddElement(AddProduct.java:12)
at test.java.Heroku.AddProduct.testAddElement(AddProduct.java:12)
at test.java.Heroku.AddProduct.testAddElement(AddProduct.java:12)
at test.java.Heroku.AddProduct.testAddElement(AddProduct.java:12)
at test.java.Heroku.AddProduct.testAddElement(AddProduct.java:12)
at test.java.Heroku.AddProduct.testAddElement(AddProduct.java:12)
at test.java.Heroku.AddProduct.testAddElement(AddProduct.java:12)
at test.java.Heroku.AddProduct.testAddElement(AddProduct.java:12)
at test.java.Heroku.AddProduct.testAddElement(AddProduct.java:12)
at test.java.Heroku.AddProduct.testAddElement(AddProduct.java:12)
at test.java.Heroku.AddProduct.testAddElement(AddProduct.java:12)
at test.java.Heroku.AddProduct.testAddElement(AddProduct.java:12)
at test.java.Heroku.AddProduct.testAddElement(AddProduct.java:12)
at test.java.Heroku.AddProduct.testAddElement(AddProduct.java:12)
at test.java.Heroku.AddProduct.testAddElement(AddProduct.java:12)
at test.java.Heroku.AddProduct.testAddElement(AddProduct.java:12)
at test.java.Heroku.AddProduct.testAddElement(AddProduct.java:12)
at test.java.Heroku.AddProduct.testAddElement(AddProduct.java:12)
at test.java.Heroku.AddProduct.testAddElement(AddProduct.java:12)
at test.java.Heroku.AddProduct.testAddElement(AddProduct.java:12)
at test.java.Heroku.AddProduct.testAddElement(AddProduct.java:12)
at test.java.Heroku.AddProduct.testAddElement(AddProduct.java:12)
at test.java.Heroku.AddProduct.testAddElement(AddProduct.java:12)
at test.java.Heroku.AddProduct.testAddElement(AddProduct.java:12)
at test.java.Heroku.AddProduct.testAddElement(AddProduct.java:12)
at test.java.Heroku.AddProduct.testAddElement(AddProduct.java:12)
at test.java.Heroku.AddProduct.testAddElement(AddProduct.java:12)
at test.java.Heroku.AddProduct.testAddElement(AddProduct.java:12)
at test.java.Heroku.AddProduct.testAddElement(AddProduct.java:12)
at test.java.Heroku.AddProduct.testAddElement(AddProduct.java:12)
at test.java.Heroku.AddProduct.testAddElement(AddProduct.java:12)
at test.java.Heroku.AddProduct.testAddElement(AddProduct.java:12)
at test.java.Heroku.AddProduct.testAddElement(AddProduct.java:12)
at test.java.Heroku.AddProduct.testAddElement(AddProduct.java:12)
at test.java.Heroku.AddProduct.testAddElement(AddProduct.java:12)
at test.java.Heroku.AddProduct.testAddElement(AddProduct.java:12)
at test.java.Heroku.AddProduct.testAddElement(AddProduct.java:12)
at test.java.Heroku.AddProduct.testAddElement(AddProduct.java:12)
at test.java.Heroku.AddProduct.testAddElement(AddProduct.java:12)
at test.java.Heroku.AddProduct.testAddElement(AddProduct.java:12)
at test.java.Heroku.AddProduct.testAddElement(AddProduct.java:12)
at test.java.Heroku.AddProduct.testAddElement(AddProduct.java:12)
at test.java.Heroku.AddProduct.testAddElement(AddProduct.java:12)
at test.java.Heroku.AddProduct.testAddElement(AddProduct.java:12)
at test.java.Heroku.AddProduct.testAddElement(AddProduct.java:12)
at test.java.Heroku.AddProduct.testAddElement(AddProduct.java:12)
at test.java.Heroku.AddProduct.testAddElement(AddProduct.java:12)
at test.java.Heroku.AddProduct.testAddElement(AddProduct.java:12)
at test.java.Heroku.AddProduct.testAddElement(AddProduct.java:12)
at test.java.Heroku.AddProduct.testAddElement(AddProduct.java:12)
at test.java.Heroku.AddProduct.testAddElement(AddProduct.java:12)
at test.java.Heroku.AddProduct.testAddElement(AddProduct.java:12)
at test.java.Heroku.AddProduct.testAddElement(AddProduct.java:12)
at test.java.Heroku.AddProduct.testAddElement(AddProduct.java:12)
at test.java.Heroku.AddProduct.testAddElement(AddProduct.java:12)
at test.java.Heroku.AddProduct.testAddElement(AddProduct.java:12)
at test.java.Heroku.AddProduct.testAddElement(AddProduct.java:12)
at test.java.Heroku.AddProduct.testAddElement(AddProduct.java:12)
at test.java.Heroku.AddProduct.testAddElement(AddProduct.java:12)
at test.java.Heroku.AddProduct.testAddElement(AddProduct.java:12)
at test.java.Heroku.AddProduct.testAddElement(AddProduct.java:12)
at test.java.Heroku.AddProduct.testAddElement(AddProduct.java:12)
at test.java.Heroku.AddProduct.testAddElement(AddProduct.java:12)
at test.java.Heroku.AddProduct.testAddElement(AddProduct.java:12)
at test.java.Heroku.AddProduct.testAddElement(AddProduct.java:12)
at test.java.Heroku.AddProduct.testAddElement(AddProduct.java:12)
at test.java.Heroku.AddProduct.testAddElement(AddProduct.java:12)
at test.java.Heroku.AddProduct.testAddElement(AddProduct.java:12)
at test.java.Heroku.AddProduct.testAddElement(AddProduct.java:12)
at test.java.Heroku.AddProduct.testAddElement(AddProduct.java:12)
at test.java.Heroku.AddProduct.testAddElement(AddProduct.java:12)
at test.java.Heroku.AddProduct.testAddElement(AddProduct.java:12)
at test.java.Heroku.AddProduct.testAddElement(AddProduct.java:12)
at test.java.Heroku.AddProduct.testAddElement(AddProduct.java:12)
at test.java.Heroku.AddProduct.testAddElement(AddProduct.java:12)
at test.java.Heroku.AddProduct.testAddElement(AddProduct.java:12)
at test.java.Heroku.AddProduct.testAddElement(AddProduct.java:12)
at test.java.Heroku.AddProduct.testAddElement(AddProduct.java:12)
at test.java.Heroku.AddProduct.testAddElement(AddProduct.java:12)
at test.java.Heroku.AddProduct.testAddElement(AddProduct.java:12)
at test.java.Heroku.AddProduct.testAddElement(AddProduct.java:12)
at test.java.Heroku.AddProduct.testAddElement(AddProduct.java:12)
at test.java.Heroku.AddProduct.testAddElement(AddProduct.java:12)
at test.java.Heroku.AddProduct.testAddElement(AddProduct.java:12)
at test.java.Heroku.AddProduct.testAddElement(AddProduct.java:12)
at test.java.Heroku.AddProduct.testAddElement(AddProduct.java:12)
at test.java.Heroku.AddProduct.testAddElement(AddProduct.java:12)
at test.java.Heroku.AddProduct.testAddElement(AddProduct.java:12)
at test.java.Heroku.AddProduct.testAddElement(AddProduct.java:12)
at test.java.Heroku.AddProduct.testAddElement(AddProduct.java:12)
at test.java.Heroku.AddProduct.testAddElement(AddProduct.java:12)
at test.java.Heroku.AddProduct.testAddElement(AddProduct.java:12)
at test.java.Heroku.AddProduct.testAddElement(AddProduct.java:12)
at test.java.Heroku.AddProduct.testAddElement(AddProduct.java:12)
at test.java.Heroku.AddProduct.testAddElement(AddProduct.java:12)
at test.java.Heroku.AddProduct.testAddElement(AddProduct.java:12)
at test.java.Heroku.AddProduct.testAddElement(AddProduct.java:12)
at test.java.Heroku.AddProduct.testAddElement(AddProduct.java:12)
at test.java.Heroku.AddProduct.testAddElement(AddProduct.java:12)
at test.java.Heroku.AddProduct.testAddElement(AddProduct.java:12)
at test.java.Heroku.AddProduct.testAddElement(AddProduct.java:12)
at test.java.Heroku.AddProduct.testAddElement(AddProduct.java:12)
at test.java.Heroku.AddProduct.testAddElement(AddProduct.java:12)
at test.java.Heroku.AddProduct.testAddElement(AddProduct.java:12)
at test.java.Heroku.AddProduct.testAddElement(AddProduct.java:12)
at test.java.Heroku.AddProduct.testAddElement(AddProduct.java:12)
at test.java.Heroku.AddProduct.testAddElement(AddProduct.java:12)
at test.java.Heroku.AddProduct.testAddElement(AddProduct.java:12)
at test.java.Heroku.AddProduct.testAddElement(AddProduct.java:12)
at test.java.Heroku.AddProduct.testAddElement(AddProduct.java:12)
at test.java.Heroku.AddProduct.testAddElement(AddProduct.java:12)
at test.java.Heroku.AddProduct.testAddElement(AddProduct.java:12)
at test.java.Heroku.AddProduct.testAddElement(AddProduct.java:12)
at test.java.Heroku.AddProduct.testAddElement(AddProduct.java:12)
at test.java.Heroku.AddProduct.testAddElement(AddProduct.java:12)
at test.java.Heroku.AddProduct.testAddElement(AddProduct.java:12)
at test.java.Heroku.AddProduct.testAddElement(AddProduct.java:12)
at test.java.Heroku.AddProduct.testAddElement(AddProduct.java:12)
at test.java.Heroku.AddProduct.testAddElement(AddProduct.java:12)
at test.java.Heroku.AddProduct.testAddElement(AddProduct.java:12)
at test.java.Heroku.AddProduct.testAddElement(AddProduct.java:12)
at test.java.Heroku.AddProduct.testAddElement(AddProduct.java:12)
at test.java.Heroku.AddProduct.testAddElement(AddProduct.java:12)
at test.java.Heroku.AddProduct.testAddElement(AddProduct.java:12)
at test.java.Heroku.AddProduct.testAddElement(AddProduct.java:12)
at test.java.Heroku.AddProduct.testAddElement(AddProduct.java:12)
at test.java.Heroku.AddProduct.testAddElement(AddProduct.java:12)
at test.java.Heroku.AddProduct.testAddElement(AddProduct.java:12)
at test.java.Heroku.AddProduct.testAddElement(AddProduct.java:12)
at test.java.Heroku.AddProduct.testAddElement(AddProduct.java:12)
at test.java.Heroku.AddProduct.testAddElement(AddProduct.java:12)
at test.java.Heroku.AddProduct.testAddElement(AddProduct.java:12)
at test.java.Heroku.AddProduct.testAddElement(AddProduct.java:12)
at test.java.Heroku.AddProduct.testAddElement(AddProduct.java:12)
at test.java.Heroku.AddProduct.testAddElement(AddProduct.java:12)
at test.java.Heroku.AddProduct.testAddElement(AddProduct.java:12)
at test.java.Heroku.AddProduct.testAddElement(AddProduct.java:12)
at test.java.Heroku.AddProduct.testAddElement(AddProduct.java:12)
at test.java.Heroku.AddProduct.testAddElement(AddProduct.java:12)
at test.java.Heroku.AddProduct.testAddElement(AddProduct.java:12)
at test.java.Heroku.AddProduct.testAddElement(AddProduct.java:12)
at test.java.Heroku.AddProduct.testAddElement(AddProduct.java:12)
at test.java.Heroku.AddProduct.testAddElement(AddProduct.java:12)
at test.java.Heroku.AddProduct.testAddElement(AddProduct.java:12)
at test.java.Heroku.AddProduct.testAddElement(AddProduct.java:12)
at test.java.Heroku.AddProduct.testAddElement(AddProduct.java:12)
at test.java.Heroku.AddProduct.testAddElement(AddProduct.java:12)
at test.java.Heroku.AddProduct.testAddElement(AddProduct.java:12)
at test.java.Heroku.AddProduct.testAddElement(AddProduct.java:12)
at test.java.Heroku.AddProduct.testAddElement(AddProduct.java:12)
at test.java.Heroku.AddProduct.testAddElement(AddProduct.java:12)
at test.java.Heroku.AddProduct.testAddElement(AddProduct.java:12)
at test.java.Heroku.AddProduct.testAddElement(AddProduct.java:12)
at test.java.Heroku.AddProduct.testAddElement(AddProduct.java:12)
at test.java.Heroku.AddProduct.testAddElement(AddProduct.java:12)
at test.java.Heroku.AddProduct.testAddElement(AddProduct.java:12)
at test.java.Heroku.AddProduct.testAddElement(AddProduct.java:12)
at test.java.Heroku.AddProduct.testAddElement(AddProduct.java:12)
at test.java.Heroku.AddProduct.testAddElement(AddProduct.java:12)
at test.java.Heroku.AddProduct.testAddElement(AddProduct.java:12)
at test.java.Heroku.AddProduct.testAddElement(AddProduct.java:12)
at test.java.Heroku.AddProduct.testAddElement(AddProduct.java:12)
at test.java.Heroku.AddProduct.testAddElement(AddProduct.java:12)
at test.java.Heroku.AddProduct.testAddElement(AddProduct.java:12)
at test.java.Heroku.AddProduct.testAddElement(AddProduct.java:12)
at test.java.Heroku.AddProduct.testAddElement(AddProduct.java:12)
at test.java.Heroku.AddProduct.testAddElement(AddProduct.java:12)
at test.java.Heroku.AddProduct.testAddElement(AddProduct.java:12)
at test.java.Heroku.AddProduct.testAddElement(AddProduct.java:12)
at test.java.Heroku.AddProduct.testAddElement(AddProduct.java:12)
at test.java.Heroku.AddProduct.testAddElement(AddProduct.java:12)
at test.java.Heroku.AddProduct.testAddElement(AddProduct.java:12)
at test.java.Heroku.AddProduct.testAddElement(AddProduct.java:12)
at test.java.Heroku.AddProduct.testAddElement(AddProduct.java:12)
at test.java.Heroku.AddProduct.testAddElement(AddProduct.java:12)
at test.java.Heroku.AddProduct.testAddElement(AddProduct.java:12)
at test.java.Heroku.AddProduct.testAddElement(AddProduct.java:12)
at test.java.Heroku.AddProduct.testAddElement(AddProduct.java:12)
at test.java.Heroku.AddProduct.testAddElement(AddProduct.java:12)
at test.java.Heroku.AddProduct.testAddElement(AddProduct.java:12)
at test.java.Heroku.AddProduct.testAddElement(AddProduct.java:12)
at test.java.Heroku.AddProduct.testAddElement(AddProduct.java:12)
at test.java.Heroku.AddProduct.testAddElement(AddProduct.java:12)
at test.java.Heroku.AddProduct.testAddElement(AddProduct.java:12)
at test.java.Heroku.AddProduct.testAddElement(AddProduct.java:12)
at test.java.Heroku.AddProduct.testAddElement(AddProduct.java:12)
at test.java.Heroku.AddProduct.testAddElement(AddProduct.java:12)
at test.java.Heroku.AddProduct.testAddElement(AddProduct.java:12)
at test.java.Heroku.AddProduct.testAddElement(AddProduct.java:12)
at test.java.Heroku.AddProduct.testAddElement(AddProduct.java:12)
at test.java.Heroku.AddProduct.testAddElement(AddProduct.java:12)
at test.java.Heroku.AddProduct.testAddElement(AddProduct.java:12)
at test.java.Heroku.AddProduct.testAddElement(AddProduct.java:12)
at test.java.Heroku.AddProduct.testAddElement(AddProduct.java:12)
at test.java.Heroku.AddProduct.testAddElement(AddProduct.java:12)
at test.java.Heroku.AddProduct.testAddElement(AddProduct.java:12)
at test.java.Heroku.AddProduct.testAddElement(AddProduct.java:12)
at test.java.Heroku.AddProduct.testAddElement(AddProduct.java:12)
at test.java.Heroku.AddProduct.testAddElement(AddProduct.java:12)
at test.java.Heroku.AddProduct.testAddElement(AddProduct.java:12)
at test.java.Heroku.AddProduct.testAddElement(AddProduct.java:12)
at test.java.Heroku.AddProduct.testAddElement(AddProduct.java:12)
at test.java.Heroku.AddProduct.testAddElement(AddProduct.java:12)
at test.java.Heroku.AddProduct.testAddElement(AddProduct.java:12)
at test.java.Heroku.AddProduct.testAddElement(AddProduct.java:12)
at test.java.Heroku.AddProduct.testAddElement(AddProduct.java:12)
at test.java.Heroku.AddProduct.testAddElement(AddProduct.java:12)
at test.java.Heroku.AddProduct.testAddElement(AddProduct.java:12)
at test.java.Heroku.AddProduct.testAddElement(AddProduct.java:12)
at test.java.Heroku.AddProduct.testAddElement(AddProduct.java:12)
at test.java.Heroku.AddProduct.testAddElement(AddProduct.java:12)
at test.java.Heroku.AddProduct.testAddElement(AddProduct.java:12)
at test.java.Heroku.AddProduct.testAddElement(AddProduct.java:12)
at test.java.Heroku.AddProduct.testAddElement(AddProduct.java:12)
at test.java.Heroku.AddProduct.testAddElement(AddProduct.java:12)
at test.java.Heroku.AddProduct.testAddElement(AddProduct.java:12)
at test.java.Heroku.AddProduct.testAddElement(AddProduct.java:12)
at test.java.Heroku.AddProduct.testAddElement(AddProduct.java:12)
at test.java.Heroku.AddProduct.testAddElement(AddProduct.java:12)
at test.java.Heroku.AddProduct.testAddElement(AddProduct.java:12)
at test.java.Heroku.AddProduct.testAddElement(AddProduct.java:12)
at test.java.Heroku.AddProduct.testAddElement(AddProduct.java:12)
at test.java.Heroku.AddProduct.testAddElement(AddProduct.java:12)
at test.java.Heroku.AddProduct.testAddElement(AddProduct.java:12)
at test.java.Heroku.AddProduct.testAddElement(AddProduct.java:12)
at test.java.Heroku.AddProduct.testAddElement(AddProduct.java:12)
at test.java.Heroku.AddProduct.testAddElement(AddProduct.java:12)
at test.java.Heroku.AddProduct.testAddElement(AddProduct.java:12)
at test.java.Heroku.AddProduct.testAddElement(AddProduct.java:12)
at test.java.Heroku.AddProduct.testAddElement(AddProduct.java:12)
at test.java.Heroku.AddProduct.testAddElement(AddProduct.java:12)
at test.java.Heroku.AddProduct.testAddElement(AddProduct.java:12)
at test.java.Heroku.AddProduct.testAddElement(AddProduct.java:12)
at test.java.Heroku.AddProduct.testAddElement(AddProduct.java:12)
at test.java.Heroku.AddProduct.testAddElement(AddProduct.java:12)
at test.java.Heroku.AddProduct.testAddElement(AddProduct.java:12)
at test.java.Heroku.AddProduct.testAddElement(AddProduct.java:12)
at test.java.Heroku.AddProduct.testAddElement(AddProduct.java:12)
at test.java.Heroku.AddProduct.testAddElement(AddProduct.java:12)
at test.java.Heroku.AddProduct.testAddElement(AddProduct.java:12)
at test.java.Heroku.AddProduct.testAddElement(AddProduct.java:12)
at test.java.Heroku.AddProduct.testAddElement(AddProduct.java:12)
at test.java.Heroku.AddProduct.testAddElement(AddProduct.java:12)
at test.java.Heroku.AddProduct.testAddElement(AddProduct.java:12)
at test.java.Heroku.AddProduct.testAddElement(AddProduct.java:12)
at test.java.Heroku.AddProduct.testAddElement(AddProduct.java:12)
at test.java.Heroku.AddProduct.testAddElement(AddProduct.java:12)
at test.java.Heroku.AddProduct.testAddElement(AddProduct.java:12)
at test.java.Heroku.AddProduct.testAddElement(AddProduct.java:12)
at test.java.Heroku.AddProduct.testAddElement(AddProduct.java:12)
at test.java.Heroku.AddProduct.testAddElement(AddProduct.java:12)
at test.java.Heroku.AddProduct.testAddElement(AddProduct.java:12)
at test.java.Heroku.AddProduct.testAddElement(AddProduct.java:12)
at test.java.Heroku.AddProduct.testAddElement(AddProduct.java:12)
at test.java.Heroku.AddProduct.testAddElement(AddProduct.java:12)
at test.java.Heroku.AddProduct.testAddElement(AddProduct.java:12)
at test.java.Heroku.AddProduct.testAddElement(AddProduct.java:12)
at test.java.Heroku.AddProduct.testAddElement(AddProduct.java:12)
at test.java.Heroku.AddProduct.testAddElement(AddProduct.java:12)
at test.java.Heroku.AddProduct.testAddElement(AddProduct.java:12)
at test.java.Heroku.AddProduct.testAddElement(AddProduct.java:12)
at test.java.Heroku.AddProduct.testAddElement(AddProduct.java:12)
at test.java.Heroku.AddProduct.testAddElement(AddProduct.java:12)
at test.java.Heroku.AddProduct.testAddElement(AddProduct.java:12)
at test.java.Heroku.AddProduct.testAddElement(AddProduct.java:12)
at test.java.Heroku.AddProduct.testAddElement(AddProduct.java:12)
at test.java.Heroku.AddProduct.testAddElement(AddProduct.java:12)
at test.java.Heroku.AddProduct.testAddElement(AddProduct.java:12)
at test.java.Heroku.AddProduct.testAddElement(AddProduct.java:12)
at test.java.Heroku.AddProduct.testAddElement(AddProduct.java:12)
at test.java.Heroku.AddProduct.testAddElement(AddProduct.java:12)
at test.java.Heroku.AddProduct.testAddElement(AddProduct.java:12)
at test.java.Heroku.AddProduct.testAddElement(AddProduct.java:12)
at test.java.Heroku.AddProduct.testAddElement(AddProduct.java:12)
at test.java.Heroku.AddProduct.testAddElement(AddProduct.java:12)
at test.java.Heroku.AddProduct.testAddElement(AddProduct.java:12)
at test.java.Heroku.AddProduct.testAddElement(AddProduct.java:12)
at test.java.Heroku.AddProduct.testAddElement(AddProduct.java:12)
at test.java.Heroku.AddProduct.testAddElement(AddProduct.java:12)
at test.java.Heroku.AddProduct.testAddElement(AddProduct.java:12)
at test.java.Heroku.AddProduct.testAddElement(AddProduct.java:12)
at test.java.Heroku.AddProduct.testAddElement(AddProduct.java:12)
at test.java.Heroku.AddProduct.testAddElement(AddProduct.java:12)
at test.java.Heroku.AddProduct.testAddElement(AddProduct.java:12)
at test.java.Heroku.AddProduct.testAddElement(AddProduct.java:12)
at test.java.Heroku.AddProduct.testAddElement(AddProduct.java:12)
at test.java.Heroku.AddProduct.testAddElement(AddProduct.java:12)
at test.java.Heroku.AddProduct.testAddElement(AddProduct.java:12)
at test.java.Heroku.AddProduct.testAddElement(AddProduct.java:12)
at test.java.Heroku.AddProduct.testAddElement(AddProduct.java:12)
at test.java.Heroku.AddProduct.testAddElement(AddProduct.java:12)
at test.java.Heroku.AddProduct.testAddElement(AddProduct.java:12)
at test.java.Heroku.AddProduct.testAddElement(AddProduct.java:12)
at test.java.Heroku.AddProduct.testAddElement(AddProduct.java:12)
at test.java.Heroku.AddProduct.testAddElement(AddProduct.java:12)
at test.java.Heroku.AddProduct.testAddElement(AddProduct.java:12)
at test.java.Heroku.AddProduct.testAddElement(AddProduct.java:12)
at test.java.Heroku.AddProduct.testAddElement(AddProduct.java:12)
at test.java.Heroku.AddProduct.testAddElement(AddProduct.java:12)
at test.java.Heroku.AddProduct.testAddElement(AddProduct.java:12)
at test.java.Heroku.AddProduct.testAddElement(AddProduct.java:12)
at test.java.Heroku.AddProduct.testAddElement(AddProduct.java:12)
at test.java.Heroku.AddProduct.testAddElement(AddProduct.java:12)
at test.java.Heroku.AddProduct.testAddElement(AddProduct.java:12)
at test.java.Heroku.AddProduct.testAddElement(AddProduct.java:12)
at test.java.Heroku.AddProduct.testAddElement(AddProduct.java:12)
at test.java.Heroku.AddProduct.testAddElement(AddProduct.java:12)
at test.java.Heroku.AddProduct.testAddElement(AddProduct.java:12)
at test.java.Heroku.AddProduct.testAddElement(AddProduct.java:12)
at test.java.Heroku.AddProduct.testAddElement(AddProduct.java:12)
at test.java.Heroku.AddProduct.testAddElement(AddProduct.java:12)
at test.java.Heroku.AddProduct.testAddElement(AddProduct.java:12)
at test.java.Heroku.AddProduct.testAddElement(AddProduct.java:12)
at test.java.Heroku.AddProduct.testAddElement(AddProduct.java:12)
at test.java.Heroku.AddProduct.testAddElement(AddProduct.java:12)
at test.java.Heroku.AddProduct.testAddElement(AddProduct.java:12)
at test.java.Heroku.AddProduct.testAddElement(AddProduct.java:12)
at test.java.Heroku.AddProduct.testAddElement(AddProduct.java:12)
at test.java.Heroku.AddProduct.testAddElement(AddProduct.java:12)
at test.java.Heroku.AddProduct.testAddElement(AddProduct.java:12)
at test.java.Heroku.AddProduct.testAddElement(AddProduct.java:12)
at test.java.Heroku.AddProduct.testAddElement(AddProduct.java:12)
at test.java.Heroku.AddProduct.testAddElement(AddProduct.java:12)
at test.java.Heroku.AddProduct.testAddElement(AddProduct.java:12)
at test.java.Heroku.AddProduct.testAddElement(AddProduct.java:12)
at test.java.Heroku.AddProduct.testAddElement(AddProduct.java:12)
at test.java.Heroku.AddProduct.testAddElement(AddProduct.java:12)
at test.java.Heroku.AddProduct.testAddElement(AddProduct.java:12)
at test.java.Heroku.AddProduct.testAddElement(AddProduct.java:12)
at test.java.Heroku.AddProduct.testAddElement(AddProduct.java:12)
at test.java.Heroku.AddProduct.testAddElement(AddProduct.java:12)
at test.java.Heroku.AddProduct.testAddElement(AddProduct.java:12)
at test.java.Heroku.AddProduct.testAddElement(AddProduct.java:12)
at test.java.Heroku.AddProduct.testAddElement(AddProduct.java:12)
at test.java.Heroku.AddProduct.testAddElement(AddProduct.java:12)
at test.java.Heroku.AddProduct.testAddElement(AddProduct.java:12)
at test.java.Heroku.AddProduct.testAddElement(AddProduct.java:12)
at test.java.Heroku.AddProduct.testAddElement(AddProduct.java:12)
at test.java.Heroku.AddProduct.testAddElement(AddProduct.java:12)
at test.java.Heroku.AddProduct.testAddElement(AddProduct.java:12)
at test.java.Heroku.AddProduct.testAddElement(AddProduct.java:12)
at test.java.Heroku.AddProduct.testAddElement(AddProduct.java:12)
at test.java.Heroku.AddProduct.testAddElement(AddProduct.java:12)
at test.java.Heroku.AddProduct.testAddElement(AddProduct.java:12)
at test.java.Heroku.AddProduct.testAddElement(AddProduct.java:12)
at test.java.Heroku.AddProduct.testAddElement(AddProduct.java:12)
at test.java.Heroku.AddProduct.testAddElement(AddProduct.java:12)
at test.java.Heroku.AddProduct.testAddElement(AddProduct.java:12)
at test.java.Heroku.AddProduct.testAddElement(AddProduct.java:12)
at test.java.Heroku.AddProduct.testAddElement(AddProduct.java:12)
at test.java.Heroku.AddProduct.testAddElement(AddProduct.java:12)
at test.java.Heroku.AddProduct.testAddElement(AddProduct.java:12)
at test.java.Heroku.AddProduct.testAddElement(AddProduct.java:12)
at test.java.Heroku.AddProduct.testAddElement(AddProduct.java:12)
at test.java.Heroku.AddProduct.testAddElement(AddProduct.java:12)
at test.java.Heroku.AddProduct.testAddElement(AddProduct.java:12)
at test.java.Heroku.AddProduct.testAddElement(AddProduct.java:12)
at test.java.Heroku.AddProduct.testAddElement(AddProduct.java:12)
at test.java.Heroku.AddProduct.testAddElement(AddProduct.java:12)
at test.java.Heroku.AddProduct.testAddElement(AddProduct.java:12)
at test.java.Heroku.AddProduct.testAddElement(AddProduct.java:12)
at test.java.Heroku.AddProduct.testAddElement(AddProduct.java:12)
at test.java.Heroku.AddProduct.testAddElement(AddProduct.java:12)
at test.java.Heroku.AddProduct.testAddElement(AddProduct.java:12)
at test.java.Heroku.AddProduct.testAddElement(AddProduct.java:12)
at test.java.Heroku.AddProduct.testAddElement(AddProduct.java:12)
at test.java.Heroku.AddProduct.testAddElement(AddProduct.java:12)
at test.java.Heroku.AddProduct.testAddElement(AddProduct.java:12)
at test.java.Heroku.AddProduct.testAddElement(AddProduct.java:12)
at test.java.Heroku.AddProduct.testAddElement(AddProduct.java:12)
at test.java.Heroku.AddProduct.testAddElement(AddProduct.java:12)
at test.java.Heroku.AddProduct.testAddElement(AddProduct.java:12)
at test.java.Heroku.AddProduct.testAddElement(AddProduct.java:12)
at test.java.Heroku.AddProduct.testAddElement(AddProduct.java:12)
at test.java.Heroku.AddProduct.testAddElement(AddProduct.java:12)
at test.java.Heroku.AddProduct.testAddElement(AddProduct.java:12)
at test.java.Heroku.AddProduct.testAddElement(AddProduct.java:12)
at test.java.Heroku.AddProduct.testAddElement(AddProduct.java:12)
at test.java.Heroku.AddProduct.testAddElement(AddProduct.java:12)
at test.java.Heroku.AddProduct.testAddElement(AddProduct.java:12)
at test.java.Heroku.AddProduct.testAddElement(AddProduct.java:12)
at test.java.Heroku.AddProduct.testAddElement(AddProduct.java:12)
at test.java.Heroku.AddProduct.testAddElement(AddProduct.java:12)
at test.java.Heroku.AddProduct.testAddElement(AddProduct.java:12)
at test.java.Heroku.AddProduct.testAddElement(AddProduct.java:12)
at test.java.Heroku.AddProduct.testAddElement(AddProduct.java:12)
at test.java.Heroku.AddProduct.testAddElement(AddProduct.java:12)
at test.java.Heroku.AddProduct.testAddElement(AddProduct.java:12)
at test.java.Heroku.AddProduct.testAddElement(AddProduct.java:12)
at test.java.Heroku.AddProduct.testAddElement(AddProduct.java:12)
at test.java.Heroku.AddProduct.testAddElement(AddProduct.java:12)
at test.java.Heroku.AddProduct.testAddElement(AddProduct.java:12)
at test.java.Heroku.AddProduct.testAddElement(AddProduct.java:12)
at test.java.Heroku.AddProduct.testAddElement(AddProduct.java:12)
at test.java.Heroku.AddProduct.testAddElement(AddProduct.java:12)
at test.java.Heroku.AddProduct.testAddElement(AddProduct.java:12)
at test.java.Heroku.AddProduct.testAddElement(AddProduct.java:12)
at test.java.Heroku.AddProduct.testAddElement(AddProduct.java:12)
at test.java.Heroku.AddProduct.testAddElement(AddProduct.java:12)
at test.java.Heroku.AddProduct.testAddElement(AddProduct.java:12)
at test.java.Heroku.AddProduct.testAddElement(AddProduct.java:12)
at test.java.Heroku.AddProduct.testAddElement(AddProduct.java:12)
at test.java.Heroku.AddProduct.testAddElement(AddProduct.java:12)
at test.java.Heroku.AddProduct.testAddElement(AddProduct.java:12)
at test.java.Heroku.AddProduct.testAddElement(AddProduct.java:12)
at test.java.Heroku.AddProduct.testAddElement(AddProduct.java:12)
at test.java.Heroku.AddProduct.testAddElement(AddProduct.java:12)
at test.java.Heroku.AddProduct.testAddElement(AddProduct.java:12)
at test.java.Heroku.AddProduct.testAddElement(AddProduct.java:12)
at test.java.Heroku.AddProduct.testAddElement(AddProduct.java:12)
at test.java.Heroku.AddProduct.testAddElement(AddProduct.java:12)
at test.java.Heroku.AddProduct.testAddElement(AddProduct.java:12)
at test.java.Heroku.AddProduct.testAddElement(AddProduct.java:12)
at test.java.Heroku.AddProduct.testAddElement(AddProduct.java:12)
at test.java.Heroku.AddProduct.testAddElement(AddProduct.java:12)
at test.java.Heroku.AddProduct.testAddElement(AddProduct.java:12)
at test.java.Heroku.AddProduct.testAddElement(AddProduct.java:12)
at test.java.Heroku.AddProduct.testAddElement(AddProduct.java:12)
at test.java.Heroku.AddProduct.testAddElement(AddProduct.java:12)
at test.java.Heroku.AddProduct.testAddElement(AddProduct.java:12)
at test.java.Heroku.AddProduct.testAddElement(AddProduct.java:12)
at test.java.Heroku.AddProduct.testAddElement(AddProduct.java:12)
at test.java.Heroku.AddProduct.testAddElement(AddProduct.java:12)
at test.java.Heroku.AddProduct.testAddElement(AddProduct.java:12)
at test.java.Heroku.AddProduct.testAddElement(AddProduct.java:12)
at test.java.Heroku.AddProduct.testAddElement(AddProduct.java:12)
at test.java.Heroku.AddProduct.testAddElement(AddProduct.java:12)
at test.java.Heroku.AddProduct.testAddElement(AddProduct.java:12)
at test.java.Heroku.AddProduct.testAddElement(AddProduct.java:12)
at test.java.Heroku.AddProduct.testAddElement(AddProduct.java:12)
at test.java.Heroku.AddProduct.testAddElement(AddProduct.java:12)
at test.java.Heroku.AddProduct.testAddElement(AddProduct.java:12)
at test.java.Heroku.AddProduct.testAddElement(AddProduct.java:12)
at test.java.Heroku.AddProduct.testAddElement(AddProduct.java:12)
at test.java.Heroku.AddProduct.testAddElement(AddProduct.java:12)
at test.java.Heroku.AddProduct.testAddElement(AddProduct.java:12)
at test.java.Heroku.AddProduct.testAddElement(AddProduct.java:12)
at test.java.Heroku.AddProduct.testAddElement(AddProduct.java:12)
at test.java.Heroku.AddProduct.testAddElement(AddProduct.java:12)
at test.java.Heroku.AddProduct.testAddElement(AddProduct.java:12)
at test.java.Heroku.AddProduct.testAddElement(AddProduct.java:12)
at test.java.Heroku.AddProduct.testAddElement(AddProduct.java:12)
at test.java.Heroku.AddProduct.testAddElement(AddProduct.java:12)
at test.java.Heroku.AddProduct.testAddElement(AddProduct.java:12)
at test.java.Heroku.AddProduct.testAddElement(AddProduct.java:12)
at test.java.Heroku.AddProduct.testAddElement(AddProduct.java:12)
at test.java.Heroku.AddProduct.testAddElement(AddProduct.java:12)
at test.java.Heroku.AddProduct.testAddElement(AddProduct.java:12)
at test.java.Heroku.AddProduct.testAddElement(AddProduct.java:12)
at test.java.Heroku.AddProduct.testAddElement(AddProduct.java:12)
at test.java.Heroku.AddProduct.testAddElement(AddProduct.java:12)
at test.java.Heroku.AddProduct.testAddElement(AddProduct.java:12)
at test.java.Heroku.AddProduct.testAddElement(AddProduct.java:12)
at test.java.Heroku.AddProduct.testAddElement(AddProduct.java:12)
at test.java.Heroku.AddProduct.testAddElement(AddProduct.java:12)
at test.java.Heroku.AddProduct.testAddElement(AddProduct.java:12)
at test.java.Heroku.AddProduct.testAddElement(AddProduct.java:12)
at test.java.Heroku.AddProduct.testAddElement(AddProduct.java:12)
at test.java.Heroku.AddProduct.testAddElement(AddProduct.java:12)
at test.java.Heroku.AddProduct.testAddElement(AddProduct.java:12)
at test.java.Heroku.AddProduct.testAddElement(AddProduct.java:12)
at test.java.Heroku.AddProduct.testAddElement(AddProduct.java:12)
at test.java.Heroku.AddProduct.testAddElement(AddProduct.java:12)
at test.java.Heroku.AddProduct.testAddElement(AddProduct.java:12)
at test.java.Heroku.AddProduct.testAddElement(AddProduct.java:12)
at test.java.Heroku.AddProduct.testAddElement(AddProduct.java:12)
at test.java.Heroku.AddProduct.testAddElement(AddProduct.java:12)
at test.java.Heroku.AddProduct.testAddElement(AddProduct.java:12)
at test.java.Heroku.AddProduct.testAddElement(AddProduct.java:12)
at test.java.Heroku.AddProduct.testAddElement(AddProduct.java:12)
at test.java.Heroku.AddProduct.testAddElement(AddProduct.java:12)
at test.java.Heroku.AddProduct.testAddElement(AddProduct.java:12)
at test.java.Heroku.AddProduct.testAddElement(AddProduct.java:12)
at test.java.Heroku.AddProduct.testAddElement(AddProduct.java:12)
at test.java.Heroku.AddProduct.testAddElement(AddProduct.java:12)
at test.java.Heroku.AddProduct.testAddElement(AddProduct.java:12)
at test.java.Heroku.AddProduct.testAddElement(AddProduct.java:12)
at test.java.Heroku.AddProduct.testAddElement(AddProduct.java:12)
at test.java.Heroku.AddProduct.testAddElement(AddProduct.java:12)
at test.java.Heroku.AddProduct.testAddElement(AddProduct.java:12)
at test.java.Heroku.AddProduct.testAddElement(AddProduct.java:12)
at test.java.Heroku.AddProduct.testAddElement(AddProduct.java:12)
at test.java.Heroku.AddProduct.testAddElement(AddProduct.java:12)
at test.java.Heroku.AddProduct.testAddElement(AddProduct.java:12)
at test.java.Heroku.AddProduct.testAddElement(AddProduct.java:12)
at test.java.Heroku.AddProduct.testAddElement(AddProduct.java:12)
at test.java.Heroku.AddProduct.testAddElement(AddProduct.java:12)
at test.java.Heroku.AddProduct.testAddElement(AddProduct.java:12)
at test.java.Heroku.AddProduct.testAddElement(AddProduct.java:12)
at test.java.Heroku.AddProduct.testAddElement(AddProduct.java:12)
at test.java.Heroku.AddProduct.testAddElement(AddProduct.java:12)
at test.java.Heroku.AddProduct.testAddElement(AddProduct.java:12)
at test.java.Heroku.AddProduct.testAddElement(AddProduct.java:12)
at test.java.Heroku.AddProduct.testAddElement(AddProduct.java:12)
at test.java.Heroku.AddProduct.testAddElement(AddProduct.java:12)
at test.java.Heroku.AddProduct.testAddElement(AddProduct.java:12)
at test.java.Heroku.AddProduct.testAddElement(AddProduct.java:12)
at test.java.Heroku.AddProduct.testAddElement(AddProduct.java:12)
at test.java.Heroku.AddProduct.testAddElement(AddProduct.java:12)
at test.java.Heroku.AddProduct.testAddElement(AddProduct.java:12)
at test.java.Heroku.AddProduct.testAddElement(AddProduct.java:12)
at test.java.Heroku.AddProduct.testAddElement(AddProduct.java:12)
at test.java.Heroku.AddProduct.testAddElement(AddProduct.java:12)
at test.java.Heroku.AddProduct.testAddElement(AddProduct.java:12)
at test.java.Heroku.AddProduct.testAddElement(AddProduct.java:12)
at test.java.Heroku.AddProduct.testAddElement(AddProduct.java:12)
at test.java.Heroku.AddProduct.testAddElement(AddProduct.java:12)
at test.java.Heroku.AddProduct.testAddElement(AddProduct.java:12)
at test.java.Heroku.AddProduct.testAddElement(AddProduct.java:12)
at test.java.Heroku.AddProduct.testAddElement(AddProduct.java:12)
at test.java.Heroku.AddProduct.testAddElement(AddProduct.java:12)
at test.java.Heroku.AddProduct.testAddElement(AddProduct.java:12)
at test.java.Heroku.AddProduct.testAddElement(AddProduct.java:12)
at test.java.Heroku.AddProduct.testAddElement(AddProduct.java:12)
at test.java.Heroku.AddProduct.testAddElement(AddProduct.java:12)
at test.java.Heroku.AddProduct.testAddElement(AddProduct.java:12)
at test.java.Heroku.AddProduct.testAddElement(AddProduct.java:12)
at test.java.Heroku.AddProduct.testAddElement(AddProduct.java:12)
at test.java.Heroku.AddProduct.testAddElement(AddProduct.java:12)
at test.java.Heroku.AddProduct.testAddElement(AddProduct.java:12)
at test.java.Heroku.AddProduct.testAddElement(AddProduct.java:12)
at test.java.Heroku.AddProduct.testAddElement(AddProduct.java:12)
at test.java.Heroku.AddProduct.testAddElement(AddProduct.java:12)
at test.java.Heroku.AddProduct.testAddElement(AddProduct.java:12)
at test.java.Heroku.AddProduct.testAddElement(AddProduct.java:12)
at test.java.Heroku.AddProduct.testAddElement(AddProduct.java:12)
at test.java.Heroku.AddProduct.testAddElement(AddProduct.java:12)
at test.java.Heroku.AddProduct.testAddElement(AddProduct.java:12)
at test.java.Heroku.AddProduct.testAddElement(AddProduct.java:12)
at test.java.Heroku.AddProduct.testAddElement(AddProduct.java:12)
at test.java.Heroku.AddProduct.testAddElement(AddProduct.java:12)
at test.java.Heroku.AddProduct.testAddElement(AddProduct.java:12)
at test.java.Heroku.AddProduct.testAddElement(AddProduct.java:12)
at test.java.Heroku.AddProduct.testAddElement(AddProduct.java:12)
at test.java.Heroku.AddProduct.testAddElement(AddProduct.java:12)
at test.java.Heroku.AddProduct.testAddElement(AddProduct.java:12)
at test.java.Heroku.AddProduct.testAddElement(AddProduct.java:12)
at test.java.Heroku.AddProduct.testAddElement(AddProduct.java:12)
at test.java.Heroku.AddProduct.testAddElement(AddProduct.java:12)
at test.java.Heroku.AddProduct.testAddElement(AddProduct.java:12)
at test.java.Heroku.AddProduct.testAddElement(AddProduct.java:12)
at test.java.Heroku.AddProduct.testAddElement(AddProduct.java:12)
at test.java.Heroku.AddProduct.testAddElement(AddProduct.java:12)
at test.java.Heroku.AddProduct.testAddElement(AddProduct.java:12)
at test.java.Heroku.AddProduct.testAddElement(AddProduct.java:12)
at test.java.Heroku.AddProduct.testAddElement(AddProduct.java:12)
at test.java.Heroku.AddProduct.testAddElement(AddProduct.java:12)
at test.java.Heroku.AddProduct.testAddElement(AddProduct.java:12)
at test.java.Heroku.AddProduct.testAddElement(AddProduct.java:12)
at test.java.Heroku.AddProduct.testAddElement(AddProduct.java:12)
at test.java.Heroku.AddProduct.testAddElement(AddProduct.java:12)
at test.java.Heroku.AddProduct.testAddElement(AddProduct.java:12)
at test.java.Heroku.AddProduct.testAddElement(AddProduct.java:12)
at test.java.Heroku.AddProduct.testAddElement(AddProduct.java:12)
at test.java.Heroku.AddProduct.testAddElement(AddProduct.java:12)
at test.java.Heroku.AddProduct.testAddElement(AddProduct.java:12)
at test.java.Heroku.AddProduct.testAddElement(AddProduct.java:12)
at test.java.Heroku.AddProduct.testAddElement(AddProduct.java:12)
at test.java.Heroku.AddProduct.testAddElement(AddProduct.java:12)
at test.java.Heroku.AddProduct.testAddElement(AddProduct.java:12)
at test.java.Heroku.AddProduct.testAddElement(AddProduct.java:12)
at test.java.Heroku.AddProduct.testAddElement(AddProduct.java:12)
at test.java.Heroku.AddProduct.testAddElement(AddProduct.java:12)
at test.java.Heroku.AddProduct.testAddElement(AddProduct.java:12)
at test.java.Heroku.AddProduct.testAddElement(AddProduct.java:12)
at test.java.Heroku.AddProduct.testAddElement(AddProduct.java:12)
at test.java.Heroku.AddProduct.testAddElement(AddProduct.java:12)
at test.java.Heroku.AddProduct.testAddElement(AddProduct.java:12)
at test.java.Heroku.AddProduct.testAddElement(AddProduct.java:12)
at test.java.Heroku.AddProduct.testAddElement(AddProduct.java:12)
at test.java.Heroku.AddProduct.testAddElement(AddProduct.java:12)
at test.java.Heroku.AddProduct.testAddElement(AddProduct.java:12)
at test.java.Heroku.AddProduct.testAddElement(AddProduct.java:12)
at test.java.Heroku.AddProduct.testAddElement(AddProduct.java:12)
at test.java.Heroku.AddProduct.testAddElement(AddProduct.java:12)
at test.java.Heroku.AddProduct.testAddElement(AddProduct.java:12)
at test.java.Heroku.AddProduct.testAddElement(AddProduct.java:12)
at test.java.Heroku.AddProduct.testAddElement(AddProduct.java:12)
at test.java.Heroku.AddProduct.testAddElement(AddProduct.java:12)
at test.java.Heroku.AddProduct.testAddElement(AddProduct.java:12)
at test.java.Heroku.AddProduct.testAddElement(AddProduct.java:12)
at test.java.Heroku.AddProduct.testAddElement(AddProduct.java:12)
at test.java.Heroku.AddProduct.testAddElement(AddProduct.java:12)
at test.java.Heroku.AddProduct.testAddElement(AddProduct.java:12)
at test.java.Heroku.AddProduct.testAddElement(AddProduct.java:12)
at test.java.Heroku.AddProduct.testAddElement(AddProduct.java:12)
at test.java.Heroku.AddProduct.testAddElement(AddProduct.java:12)
at test.java.Heroku.AddProduct.testAddElement(AddProduct.java:12)
at test.java.Heroku.AddProduct.testAddElement(AddProduct.java:12)
at test.java.Heroku.AddProduct.testAddElement(AddProduct.java:12)
at test.java.Heroku.AddProduct.testAddElement(AddProduct.java:12)
at test.java.Heroku.AddProduct.testAddElement(AddProduct.java:12)
at test.java.Heroku.AddProduct.testAddElement(AddProduct.java:12)
at test.java.Heroku.AddProduct.testAddElement(AddProduct.java:12)
at test.java.Heroku.AddProduct.testAddElement(AddProduct.java:12)
at test.java.Heroku.AddProduct.testAddElement(AddProduct.java:12)
at test.java.Heroku.AddProduct.testAddElement(AddProduct.java:12)
at test.java.Heroku.AddProduct.testAddElement(AddProduct.java:12)
at test.java.Heroku.AddProduct.testAddElement(AddProduct.java:12)
at test.java.Heroku.AddProduct.testAddElement(AddProduct.java:12)
at test.java.Heroku.AddProduct.testAddElement(AddProduct.java:12)
at test.java.Heroku.AddProduct.testAddElement(AddProduct.java:12)
at test.java.Heroku.AddProduct.testAddElement(AddProduct.java:12)
at test.java.Heroku.AddProduct.testAddElement(AddProduct.java:12)
at test.java.Heroku.AddProduct.testAddElement(AddProduct.java:12)
at test.java.Heroku.AddProduct.testAddElement(AddProduct.java:12)
at test.java.Heroku.AddProduct.testAddElement(AddProduct.java:12)
at test.java.Heroku.AddProduct.testAddElement(AddProduct.java:12)
at test.java.Heroku.AddProduct.testAddElement(AddProduct.java:12)
at test.java.Heroku.AddProduct.testAddElement(AddProduct.java:12)
at test.java.Heroku.AddProduct.testAddElement(AddProduct.java:12)
at test.java.Heroku.AddProduct.testAddElement(AddProduct.java:12)
at test.java.Heroku.AddProduct.testAddElement(AddProduct.java:12)
at test.java.Heroku.AddProduct.testAddElement(AddProduct.java:12)
at test.java.Heroku.AddProduct.testAddElement(AddProduct.java:12)
at test.java.Heroku.AddProduct.testAddElement(AddProduct.java:12)
at test.java.Heroku.AddProduct.testAddElement(AddProduct.java:12)
at test.java.Heroku.AddProduct.testAddElement(AddProduct.java:12)
at test.java.Heroku.AddProduct.testAddElement(AddProduct.java:12)
at test.java.Heroku.AddProduct.testAddElement(AddProduct.java:12)
at test.java.Heroku.AddProduct.testAddElement(AddProduct.java:12)
at test.java.Heroku.AddProduct.testAddElement(AddProduct.java:12)
at test.java.Heroku.AddProduct.testAddElement(AddProduct.java:12)
at test.java.Heroku.AddProduct.testAddElement(AddProduct.java:12)
at test.java.Heroku.AddProduct.testAddElement(AddProduct.java:12)
at test.java.Heroku.AddProduct.testAddElement(AddProduct.java:12)
at test.java.Heroku.AddProduct.testAddElement(AddProduct.java:12)
at test.java.Heroku.AddProduct.testAddElement(AddProduct.java:12)
at test.java.Heroku.AddProduct.testAddElement(AddProduct.java:12)
at test.java.Heroku.AddProduct.testAddElement(AddProduct.java:12)
at test.java.Heroku.AddProduct.testAddElement(AddProduct.java:12)
at test.java.Heroku.AddProduct.testAddElement(AddProduct.java:12)
at test.java.Heroku.AddProduct.testAddElement(AddProduct.java:12)
at test.java.Heroku.AddProduct.testAddElement(AddProduct.java:12)
at test.java.Heroku.AddProduct.testAddElement(AddProduct.java:12)
at test.java.Heroku.AddProduct.testAddElement(AddProduct.java:12)
at test.java.Heroku.AddProduct.testAddElement(AddProduct.java:12)
at test.java.Heroku.AddProduct.testAddElement(AddProduct.java:12)
at test.java.Heroku.AddProduct.testAddElement(AddProduct.java:12)
at test.java.Heroku.AddProduct.testAddElement(AddProduct.java:12)
at test.java.Heroku.AddProduct.testAddElement(AddProduct.java:12)
at test.java.Heroku.AddProduct.testAddElement(AddProduct.java:12)
at test.java.Heroku.AddProduct.testAddElement(AddProduct.java:12)
at test.java.Heroku.AddProduct.testAddElement(AddProduct.java:12)
at test.java.Heroku.AddProduct.testAddElement(AddProduct.java:12)
at test.java.Heroku.AddProduct.testAddElement(AddProduct.java:12)
at test.java.Heroku.AddProduct.testAddElement(AddProduct.java:12)
at test.java.Heroku.AddProduct.testAddElement(AddProduct.java:12)
at test.java.Heroku.AddProduct.testAddElement(AddProduct.java:12)
at test.java.Heroku.AddProduct.testAddElement(AddProduct.java:12)
at test.java.Heroku.AddProduct.testAddElement(AddProduct.java:12)
at test.java.Heroku.AddProduct.testAddElement(AddProduct.java:12)
at test.java.Heroku.AddProduct.testAddElement(AddProduct.java:12)
at test.java.Heroku.AddProduct.testAddElement(AddProduct.java:12)
at test.java.Heroku.AddProduct.testAddElement(AddProduct.java:12)
at test.java.Heroku.AddProduct.testAddElement(AddProduct.java:12)
at test.java.Heroku.AddProduct.testAddElement(AddProduct.java:12)
at test.java.Heroku.AddProduct.testAddElement(AddProduct.java:12)
at test.java.Heroku.AddProduct.testAddElement(AddProduct.java:12)
at test.java.Heroku.AddProduct.testAddElement(AddProduct.java:12)
at test.java.Heroku.AddProduct.testAddElement(AddProduct.java:12)
at test.java.Heroku.AddProduct.testAddElement(AddProduct.java:12)
at test.java.Heroku.AddProduct.testAddElement(AddProduct.java:12)
at test.java.Heroku.AddProduct.testAddElement(AddProduct.java:12)
at test.java.Heroku.AddProduct.testAddElement(AddProduct.java:12)
at test.java.Heroku.AddProduct.testAddElement(AddProduct.java:12)
at test.java.Heroku.AddProduct.testAddElement(AddProduct.java:12)
at test.java.Heroku.AddProduct.testAddElement(AddProduct.java:12)
at test.java.Heroku.AddProduct.testAddElement(AddProduct.java:12)
at test.java.Heroku.AddProduct.testAddElement(AddProduct.java:12)
at test.java.Heroku.AddProduct.testAddElement(AddProduct.java:12)
at test.java.Heroku.AddProduct.testAddElement(AddProduct.java:12)
at test.java.Heroku.AddProduct.testAddElement(AddProduct.java:12)
at test.java.Heroku.AddProduct.testAddElement(AddProduct.java:12)
at test.java.Heroku.AddProduct.testAddElement(AddProduct.java:12)
at test.java.Heroku.AddProduct.testAddElement(AddProduct.java:12)
at test.java.Heroku.AddProduct.testAddElement(AddProduct.java:12)
at test.java.Heroku.AddProduct.testAddElement(AddProduct.java:12)
at test.java.Heroku.AddProduct.testAddElement(AddProduct.java:12)
at test.java.Heroku.AddProduct.testAddElement(AddProduct.java:12)
at test.java.Heroku.AddProduct.testAddElement(AddProduct.java:12)
at test.java.Heroku.AddProduct.testAddElement(AddProduct.java:12)
]]>
    </error>
  </testcase> <!-- testAddElement -->
</testsuite> <!-- test.java.Heroku.AddProduct -->
