<?xml version="1.0" encoding="UTF-8"?>
<testng-results ignored="0" total="1" passed="1" failed="0" skipped="0">
  <reporter-output>
  </reporter-output>
  <suite started-at="2026-04-14T01:01:35 PST" name="Suite" finished-at="2026-04-14T01:01:42 PST" duration-ms="6915">
    <groups>
    </groups>
    <test started-at="2026-04-14T01:01:35 PST" name="Test" finished-at="2026-04-14T01:01:42 PST" duration-ms="6915">
      <class name="test.java.Heroku.FileUploadTest">
        <test-method signature="testFileUpload()[pri:0, instance:test.java.Heroku.FileUploadTest@bcec361]" started-at="2026-04-14T01:01:35 PST" name="testFileUpload" finished-at="2026-04-14T01:01:42 PST" duration-ms="6855" status="PASS">
          <reporter-output>
          </reporter-output>
        </test-method> <!-- testFileUpload -->
      </class> <!-- test.java.Heroku.FileUploadTest -->
    </test> <!-- Test -->
  </suite> <!-- Suite -->
</testng-results>
